[12:10:22.878] Global cache location '/Users/clearloop/Library/Caches/typescript/5.1', safe file path '/users/clearloop/code/weekly-updates/node_modules/typescript/lib/typingsafelist.json', types map path /users/clearloop/code/weekly-updates/node_modules/typescript/lib/typesmap.json
[12:10:22.880] Processing cache location '/Users/clearloop/Library/Caches/typescript/5.1'
[12:10:22.881] Trying to find '/Users/clearloop/Library/Caches/typescript/5.1/package.json'...
[12:10:22.881] Finished processing cache location '/Users/clearloop/Library/Caches/typescript/5.1'
[12:10:22.881] Process id: 42530
[12:10:22.882] NPM location: /Users/clearloop/.nvm/versions/node/v18.15.0/bin/npm (explicit '--npmLocation' not  provided)
[12:10:22.882] validateDefaultNpmLocation: false
[12:10:22.882] Npm config file: /Users/clearloop/Library/Caches/typescript/5.1/package.json
[12:10:22.882] Npm config file: '/Users/clearloop/Library/Caches/typescript/5.1/package.json' is missing, creating new one...
[12:10:22.884] Updating types-registry npm package...
[12:10:22.885] Exec: /Users/clearloop/.nvm/versions/node/v18.15.0/bin/npm install --ignore-scripts types-registry@latest
[12:10:24.040]     Succeeded. stdout:
    
    added 1 package, and audited 2 packages in 696ms

found 0 vulnerabilities

[12:10:24.040] Updated types-registry npm package
[12:10:24.073] Got install request {"projectName":"/dev/null/inferredProject1*","fileNames":[],"compilerOptions":{"module":1,"target":3,"jsx":1,"allowJs":true,"allowSyntheticDefaultImports":true,"allowNonTsExtensions":true,"noEmitForJsFiles":true},"typeAcquisition":{"enable":true,"include":[],"exclude":[]},"unresolvedImports":[],"projectRootPath":"/Users/clearloop/code/weekly-updates/utils","kind":"discover"}
[12:10:24.086] Loaded safelist from types map file '/users/clearloop/code/weekly-updates/node_modules/typescript/lib/typesmap.json'
[12:10:24.087] Explicitly included types: []
[12:10:24.087] Inferred typings from unresolved imports: []
[12:10:24.087] Result: {"cachedTypingPaths":[],"newTypingNames":[],"filesToWatch":["/Users/clearloop/code/weekly-updates/utils/bower_components","/Users/clearloop/code/weekly-updates/utils/node_modules"]}
[12:10:24.087] Finished typings discovery: {"cachedTypingPaths":[],"newTypingNames":[],"filesToWatch":["/Users/clearloop/code/weekly-updates/utils/bower_components","/Users/clearloop/code/weekly-updates/utils/node_modules"]}
[12:10:24.087] Sending response:
    {"kind":"action::watchTypingLocations","projectName":"/dev/null/inferredProject1*","files":["/Users/clearloop/code/weekly-updates/utils/bower_components","/Users/clearloop/code/weekly-updates/utils/node_modules"]}
[12:10:24.087] Response has been sent.
[12:10:24.088] Sending response:
    {"projectName":"/dev/null/inferredProject1*","typeAcquisition":{"enable":true,"include":[],"exclude":[]},"compilerOptions":{"module":1,"target":3,"jsx":1,"allowJs":true,"allowSyntheticDefaultImports":true,"allowNonTsExtensions":true,"noEmitForJsFiles":true},"typings":[],"unresolvedImports":[],"kind":"action::set"}
[12:10:24.088] Response has been sent.
[12:10:24.088] No new typings were requested as a result of typings discovery
[12:12:45.001] Closing file watchers for project '/dev/null/inferredProject1*'
[12:12:45.001] Sending response:
    {"kind":"action::watchTypingLocations","projectName":"/dev/null/inferredProject1*","files":[]}
[12:12:45.001] Response has been sent.
[12:12:45.002] Closing file watchers for project '/dev/null/inferredProject1*' - done.
[12:12:45.002] Closing file watchers for project '/dev/null/autoImportProviderProject2*'
[12:12:45.002] No watchers are registered for project '/dev/null/autoImportProviderProject2*'
