[12:15:56.599] Global cache location '/Users/clearloop/Library/Caches/typescript/5.1', safe file path '/users/clearloop/code/weekly-updates/node_modules/typescript/lib/typingsafelist.json', types map path /users/clearloop/code/weekly-updates/node_modules/typescript/lib/typesmap.json
[12:15:56.601] Processing cache location '/Users/clearloop/Library/Caches/typescript/5.1'
[12:15:56.602] Trying to find '/Users/clearloop/Library/Caches/typescript/5.1/package.json'...
[12:15:56.604] Loaded content of '/Users/clearloop/Library/Caches/typescript/5.1/package.json': {"private":true,"dependencies":{"types-registry":"^0.1.648"}}
[12:15:56.604] Loaded content of '/Users/clearloop/Library/Caches/typescript/5.1/package-lock.json'
[12:15:56.604] Finished processing cache location '/Users/clearloop/Library/Caches/typescript/5.1'
[12:15:56.604] Process id: 46545
[12:15:56.605] NPM location: /Users/clearloop/.nvm/versions/node/v18.15.0/bin/npm (explicit '--npmLocation' not  provided)
[12:15:56.605] validateDefaultNpmLocation: false
[12:15:56.605] Npm config file: /Users/clearloop/Library/Caches/typescript/5.1/package.json
[12:15:56.605] Updating types-registry npm package...
[12:15:56.605] Exec: /Users/clearloop/.nvm/versions/node/v18.15.0/bin/npm install --ignore-scripts types-registry@latest
[12:15:57.519]     Succeeded. stdout:
    
    up to date, audited 2 packages in 603ms

found 0 vulnerabilities

[12:15:57.519] Updated types-registry npm package
[12:15:57.543] Got install request {"projectName":"/dev/null/inferredProject1*","fileNames":[],"compilerOptions":{"module":1,"target":3,"jsx":1,"allowJs":true,"allowSyntheticDefaultImports":true,"allowNonTsExtensions":true,"noEmitForJsFiles":true},"typeAcquisition":{"enable":true,"include":[],"exclude":[]},"unresolvedImports":[],"projectRootPath":"/Users/clearloop/code/weekly-updates/utils","kind":"discover"}
[12:15:57.556] Loaded safelist from types map file '/users/clearloop/code/weekly-updates/node_modules/typescript/lib/typesmap.json'
[12:15:57.557] Explicitly included types: []
[12:15:57.557] Inferred typings from unresolved imports: []
[12:15:57.557] Result: {"cachedTypingPaths":[],"newTypingNames":[],"filesToWatch":["/Users/clearloop/code/weekly-updates/utils/bower_components","/Users/clearloop/code/weekly-updates/utils/node_modules"]}
[12:15:57.557] Finished typings discovery: {"cachedTypingPaths":[],"newTypingNames":[],"filesToWatch":["/Users/clearloop/code/weekly-updates/utils/bower_components","/Users/clearloop/code/weekly-updates/utils/node_modules"]}
[12:15:57.557] Sending response:
    {"kind":"action::watchTypingLocations","projectName":"/dev/null/inferredProject1*","files":["/Users/clearloop/code/weekly-updates/utils/bower_components","/Users/clearloop/code/weekly-updates/utils/node_modules"]}
[12:15:57.557] Response has been sent.
[12:15:57.558] Sending response:
    {"projectName":"/dev/null/inferredProject1*","typeAcquisition":{"enable":true,"include":[],"exclude":[]},"compilerOptions":{"module":1,"target":3,"jsx":1,"allowJs":true,"allowSyntheticDefaultImports":true,"allowNonTsExtensions":true,"noEmitForJsFiles":true},"typings":[],"unresolvedImports":[],"kind":"action::set"}
[12:15:57.558] Response has been sent.
[12:15:57.558] No new typings were requested as a result of typings discovery
[12:32:50.270] Closing file watchers for project '/dev/null/inferredProject1*'
[12:32:50.271] Sending response:
    {"kind":"action::watchTypingLocations","projectName":"/dev/null/inferredProject1*","files":[]}
[12:32:50.271] Response has been sent.
[12:32:50.271] Closing file watchers for project '/dev/null/inferredProject1*' - done.
[12:32:50.271] Closing file watchers for project '/dev/null/autoImportProviderProject2*'
[12:32:50.271] No watchers are registered for project '/dev/null/autoImportProviderProject2*'
